[INFO   ] Logger: Record log in /storage/emulated/0/projects/GuideTheBall/.kivy/logs/kivy_20-12-09_13.txt
[INFO   ] Kivy: v1.11.1
[INFO   ] Kivy: Installed at "/data/user/0/ru.iiec.pydroid3/files/arm-linux-androideabi/lib/python3.8/site-packages/kivy/__init__.py"
[INFO   ] Python: v3.8.3 (default, Jun 15 2020, 02:19:10) 
[GCC 9.3.0]
[INFO   ] Python: Interpreter at "/data/user/0/ru.iiec.pydroid3/files/arm-linux-androideabi/bin/python3"
[INFO   ] Factory: 184 symbols loaded
[INFO   ] Image: Providers: img_tex, img_dds, img_sdl2, img_gif (img_pil, img_ffpyplayer ignored)
[INFO   ] Window: Provider: sdl2
[INFO   ] GL: Using the "OpenGL ES 2" graphics system
[INFO   ] GL: Backend used <sdl2>
[INFO   ] GL: OpenGL version <b'OpenGL ES 2.0 58bf738'>
[INFO   ] GL: OpenGL vendor <b'ARM'>
[INFO   ] GL: OpenGL renderer <b'Mali-400 MP'>
[INFO   ] GL: OpenGL parsed version: 2, 0
[INFO   ] GL: Texture max size <4096>
[INFO   ] GL: Texture max units <8>
[INFO   ] Window: auto add sdl2 input provider
[INFO   ] Window: virtual keyboard not allowed, single mode, not docked
[INFO   ] Audio: Providers: audio_sdl2 (audio_ffpyplayer ignored)
[WARNING] Deprecated property "<AliasProperty name=filename>" of object "<kivy.core.audio.audio_sdl2.SoundSDL2 object at 0x92eb7988>" was accessed, it will be removed in a future version
[INFO   ] GL: NPOT texture support is available
[WARNING] GL: Unpack subimage support is not available
[INFO   ] Text: Provider: sdl2
[WARNING] stderr: Traceback (most recent call last):
[WARNING] stderr:   File "/data/user/0/ru.iiec.pydroid3/files/arm-linux-androideabi/lib/python3.8/site-packages/kivy/lang/builder.py", line 249, in create_handler
[WARNING] stderr:     return eval(value, idmap), bound_list
[WARNING] stderr:   File "/storage/emulated/0/projects/GuideTheBall/kvfiles/settings.kv", line 113, in <module>
[WARNING] stderr:     size: wid.size
[WARNING] stderr: NameError: name 'wid' is not defined
[WARNING] stderr: 
[WARNING] stderr: During handling of the above exception, another exception occurred:
[WARNING] stderr: 
[WARNING] stderr: Traceback (most recent call last):
[WARNING] stderr:   File "/data/user/0/ru.iiec.pydroid3/files/arm-linux-androideabi/lib/python3.8/site-packages/kivy/lang/builder.py", line 690, in _apply_rule
[WARNING] stderr:     value, bound = create_handler(
[WARNING] stderr:   File "/data/user/0/ru.iiec.pydroid3/files/arm-linux-androideabi/lib/python3.8/site-packages/kivy/lang/builder.py", line 252, in create_handler
[WARNING] stderr:     raise BuilderException(rule.ctx, rule.line,
[WARNING] stderr: kivy.lang.builder.BuilderException: Parser: File "/storage/emulated/0/projects/GuideTheBall/kvfiles/settings.kv", line 113:
[WARNING] stderr: ...
[WARNING] stderr:     111:		bar_width: 6
[WARNING] stderr:     112:		BoxLayout:
[WARNING] stderr: >>  113:			size: wid.size
[WARNING] stderr:     114:			size_hint: [1, None]
[WARNING] stderr:     115:			orientation: 'vertical'
[WARNING] stderr: ...
[WARNING] stderr: NameError: name 'wid' is not defined
[WARNING] stderr:   File "/data/user/0/ru.iiec.pydroid3/files/arm-linux-androideabi/lib/python3.8/site-packages/kivy/lang/builder.py", line 249, in create_handler
[WARNING] stderr:     return eval(value, idmap), bound_list
[WARNING] stderr:   File "/storage/emulated/0/projects/GuideTheBall/kvfiles/settings.kv", line 113, in <module>
[WARNING] stderr:     size: wid.size
[WARNING] stderr: 
[WARNING] stderr: 
[WARNING] stderr: During handling of the above exception, another exception occurred:
[WARNING] stderr: 
[WARNING] stderr: Traceback (most recent call last):
[WARNING] stderr:   File "/storage/emulated/0/projects/GuideTheBall/main.py", line 144, in <module>
[WARNING] stderr:     MainActivity().run()
[WARNING] stderr:   File "/data/user/0/ru.iiec.pydroid3/files/arm-linux-androideabi/lib/python3.8/site-packages/kivy/app.py", line 829, in run
[WARNING] stderr:     root = self.build()
[WARNING] stderr:   File "/storage/emulated/0/projects/GuideTheBall/main.py", line 81, in build
[WARNING] stderr:     self.mm = MainManager()
[WARNING] stderr:   File "/storage/emulated/0/projects/GuideTheBall/main.py", line 37, in __init__
[WARNING] stderr:     self.add_widget(Factory.SettingsScreen())
[WARNING] stderr:   File "relativelayout.py", line 265, in kivy.uix.relativelayout.RelativeLayout.__init__
[WARNING] stderr:   File "floatlayout.py", line 65, in kivy.uix.floatlayout.FloatLayout.__init__
[WARNING] stderr:   File "layout.py", line 76, in kivy.uix.layout.Layout.__init__
[WARNING] stderr:   File "widget.py", line 359, in kivy.uix.widget.Widget.__init__
[WARNING] stderr:   File "widget.py", line 467, in kivy.uix.widget.Widget.apply_class_lang_rules
[WARNING] stderr:   File "/data/user/0/ru.iiec.pydroid3/files/arm-linux-androideabi/lib/python3.8/site-packages/kivy/lang/builder.py", line 536, in apply
[WARNING] stderr:     self._apply_rule(
[WARNING] stderr:   File "/data/user/0/ru.iiec.pydroid3/files/arm-linux-androideabi/lib/python3.8/site-packages/kivy/lang/builder.py", line 705, in _apply_rule
[WARNING] stderr:     raise BuilderException(rule.ctx, rule.line,
[WARNING] stderr: kivy.lang.builder.BuilderException: Parser: File "/storage/emulated/0/projects/GuideTheBall/kvfiles/settings.kv", line 113:
[WARNING] stderr: ...
[WARNING] stderr:     111:		bar_width: 6
[WARNING] stderr:     112:		BoxLayout:
[WARNING] stderr: >>  113:			size: wid.size
[WARNING] stderr:     114:			size_hint: [1, None]
[WARNING] stderr:     115:			orientation: 'vertical'
[WARNING] stderr: ...
[WARNING] stderr: BuilderException: Parser: File "/storage/emulated/0/projects/GuideTheBall/kvfiles/settings.kv", line 113:
[WARNING] stderr: ...
[WARNING] stderr:     111:		bar_width: 6
[WARNING] stderr:     112:		BoxLayout:
[WARNING] stderr: >>  113:			size: wid.size
[WARNING] stderr:     114:			size_hint: [1, None]
[WARNING] stderr:     115:			orientation: 'vertical'
[WARNING] stderr: ...
[WARNING] stderr: NameError: name 'wid' is not defined
[WARNING] stderr:   File "/data/user/0/ru.iiec.pydroid3/files/arm-linux-androideabi/lib/python3.8/site-packages/kivy/lang/builder.py", line 249, in create_handler
[WARNING] stderr:     return eval(value, idmap), bound_list
[WARNING] stderr:   File "/storage/emulated/0/projects/GuideTheBall/kvfiles/settings.kv", line 113, in <module>
[WARNING] stderr:     size: wid.size
[WARNING] stderr: 
[WARNING] stderr:   File "/data/user/0/ru.iiec.pydroid3/files/arm-linux-androideabi/lib/python3.8/site-packages/kivy/lang/builder.py", line 690, in _apply_rule
[WARNING] stderr:     value, bound = create_handler(
[WARNING] stderr:   File "/data/user/0/ru.iiec.pydroid3/files/arm-linux-androideabi/lib/python3.8/site-packages/kivy/lang/builder.py", line 252, in create_handler
[WARNING] stderr:     raise BuilderException(rule.ctx, rule.line,
[WARNING] stderr: 
